<?xml version="1.0" encoding="UTF-8"?>
<testsuite name="org.theagilemonkeys.yolo.MainKtTest" tests="1" skipped="0" failures="0" errors="0" timestamp="2023-06-26T12:33:45" hostname="nicks-mbp.lan" time="0.13">
  <properties/>
  <testcase name="String size" classname="org.theagilemonkeys.yolo.MainKtTest" time="0.13"/>
  <system-out><![CDATA[]]></system-out>
  <system-err><![CDATA[]]></system-err>
</testsuite>
